This file contains any messages produced by compilers while
running configure, to aid debugging if configure makes a mistake.

It was created by ascend configure 0.99.69, which was
generated by GNU Autoconf 2.69.  Invocation command line was

  $ ./configure 

## --------- ##
## Platform. ##
## --------- ##

hostname = FVFYH1N0HV2F
uname -m = x86_64
uname -r = 18.7.0
uname -s = Darwin
uname -v = Darwin Kernel Version 18.7.0: Tue Aug 20 16:57:14 PDT 2019; root:xnu-4903.271.2~2/RELEASE_X86_64

/usr/bin/uname -p = i386
/bin/uname -X     = unknown

/bin/arch              = unknown
/usr/bin/arch -k       = unknown
/usr/convex/getsysinfo = unknown
/usr/bin/hostinfo      = Mach kernel version:
	 Darwin Kernel Version 18.7.0: Tue Aug 20 16:57:14 PDT 2019; root:xnu-4903.271.2~2/RELEASE_X86_64
Kernel configured for up to 4 processors.
2 processors are physically available.
4 processors are logically available.
Processor type: x86_64h (Intel x86-64h Haswell)
Processors active: 0 1 2 3
Primary memory available: 16.00 gigabytes
Default processor set: 416 tasks, 2188 threads, 4 processors
Load average: 1.82, Mach factor: 2.16
/bin/machine           = unknown
/usr/bin/oslevel       = unknown
/bin/universe          = unknown

PATH: /Users/anne/anaconda3/bin
PATH: /Users/anne/anaconda3/condabin
PATH: /usr/local/opt/gcc/bin
PATH: /usr/local/opt/llvm/bin
PATH: /usr/local/opt/llvm/bin
PATH: /usr/local/opt/icu4c/bin
PATH: /usr/local/opt/icu4c/sbin
PATH: /Users/anne/Applications
PATH: /usr/local/bin
PATH: /usr/bin
PATH: /bin
PATH: /usr/sbin
PATH: /sbin
PATH: /Library/TeX/texbin
PATH: /opt/X11/bin


## ----------- ##
## Core tests. ##
## ----------- ##

configure:1899: checking for C++ compiler version
configure:1908: /usr/local/opt/llvm/bin/clang++ -fopenmp --version >&5
clang version 8.0.0 (tags/RELEASE_800/final)
Target: x86_64-apple-darwin18.7.0
Thread model: posix
InstalledDir: /usr/local/opt/llvm/bin
configure:1919: $? = 0
configure:1908: /usr/local/opt/llvm/bin/clang++ -fopenmp -v >&5
clang version 8.0.0 (tags/RELEASE_800/final)
Target: x86_64-apple-darwin18.7.0
Thread model: posix
InstalledDir: /usr/local/opt/llvm/bin
configure:1919: $? = 0
configure:1908: /usr/local/opt/llvm/bin/clang++ -fopenmp -V >&5
clang-8: error: argument to '-V' is missing (expected 1 value)
clang-8: error: no input files
configure:1919: $? = 1
configure:1908: /usr/local/opt/llvm/bin/clang++ -fopenmp -qversion >&5
clang-8: error: unknown argument '-qversion', did you mean '--version'?
clang-8: error: no input files
configure:1919: $? = 1
configure:1939: checking whether the C++ compiler works
configure:1961: /usr/local/opt/llvm/bin/clang++ -fopenmp -g -O3 -Wall -pedantic -std=c++11 -mtune=native -pipe -I/usr/local/opt/gcc/include:/usr/local/opt/llvm/include:/usr/local/opt/gettext/include:{ICU4C_INCLUDE} -L/usr/local/opt/gcc/lib:/usr/local/opt/llvm/lib:/usr/local/opt/gettext/lib:/usr/local/opt/icu4c/lib conftest.cpp  >&5
ld: warning: directory not found for option '-L/usr/local/opt/gcc/lib:/usr/local/opt/llvm/lib:/usr/local/opt/gettext/lib:/usr/local/opt/icu4c/lib'
configure:1965: $? = 0
configure:2013: result: yes
configure:2016: checking for C++ compiler default output file name
configure:2018: result: a.out
configure:2024: checking for suffix of executables
configure:2031: /usr/local/opt/llvm/bin/clang++ -fopenmp -o conftest -g -O3 -Wall -pedantic -std=c++11 -mtune=native -pipe -I/usr/local/opt/gcc/include:/usr/local/opt/llvm/include:/usr/local/opt/gettext/include:{ICU4C_INCLUDE} -L/usr/local/opt/gcc/lib:/usr/local/opt/llvm/lib:/usr/local/opt/gettext/lib:/usr/local/opt/icu4c/lib conftest.cpp  >&5
ld: warning: directory not found for option '-L/usr/local/opt/gcc/lib:/usr/local/opt/llvm/lib:/usr/local/opt/gettext/lib:/usr/local/opt/icu4c/lib'
configure:2035: $? = 0
configure:2057: result: 
configure:2079: checking whether we are cross compiling
configure:2087: /usr/local/opt/llvm/bin/clang++ -fopenmp -o conftest -g -O3 -Wall -pedantic -std=c++11 -mtune=native -pipe -I/usr/local/opt/gcc/include:/usr/local/opt/llvm/include:/usr/local/opt/gettext/include:{ICU4C_INCLUDE} -L/usr/local/opt/gcc/lib:/usr/local/opt/llvm/lib:/usr/local/opt/gettext/lib:/usr/local/opt/icu4c/lib conftest.cpp  >&5
ld: warning: directory not found for option '-L/usr/local/opt/gcc/lib:/usr/local/opt/llvm/lib:/usr/local/opt/gettext/lib:/usr/local/opt/icu4c/lib'
configure:2091: $? = 0
configure:2098: ./conftest
configure:2102: $? = 0
configure:2117: result: no
configure:2122: checking for suffix of object files
configure:2144: /usr/local/opt/llvm/bin/clang++ -fopenmp -c -g -O3 -Wall -pedantic -std=c++11 -mtune=native -pipe -I/usr/local/opt/gcc/include:/usr/local/opt/llvm/include:/usr/local/opt/gettext/include:{ICU4C_INCLUDE} conftest.cpp >&5
configure:2148: $? = 0
configure:2169: result: o
configure:2173: checking whether we are using the GNU C++ compiler
configure:2192: /usr/local/opt/llvm/bin/clang++ -fopenmp -c -g -O3 -Wall -pedantic -std=c++11 -mtune=native -pipe -I/usr/local/opt/gcc/include:/usr/local/opt/llvm/include:/usr/local/opt/gettext/include:{ICU4C_INCLUDE} conftest.cpp >&5
configure:2192: $? = 0
configure:2201: result: yes
configure:2210: checking whether /usr/local/opt/llvm/bin/clang++ -fopenmp accepts -g
configure:2230: /usr/local/opt/llvm/bin/clang++ -fopenmp -c -g -I/usr/local/opt/gcc/include:/usr/local/opt/llvm/include:/usr/local/opt/gettext/include:{ICU4C_INCLUDE} conftest.cpp >&5
configure:2230: $? = 0
configure:2271: result: yes
configure:2300: checking how to run the C++ preprocessor
configure:2327: /usr/local/opt/llvm/bin/clang++ -fopenmp -E -I/usr/local/opt/gcc/include:/usr/local/opt/llvm/include:/usr/local/opt/gettext/include:{ICU4C_INCLUDE} conftest.cpp
configure:2327: $? = 0
configure:2341: /usr/local/opt/llvm/bin/clang++ -fopenmp -E -I/usr/local/opt/gcc/include:/usr/local/opt/llvm/include:/usr/local/opt/gettext/include:{ICU4C_INCLUDE} conftest.cpp
conftest.cpp:9:10: fatal error: 'ac_nonexistent.h' file not found
#include <ac_nonexistent.h>
         ^~~~~~~~~~~~~~~~~~
1 error generated.
configure:2341: $? = 1
configure: failed program was:
| /* confdefs.h */
| #define PACKAGE_NAME "ascend"
| #define PACKAGE_TARNAME "ascend"
| #define PACKAGE_VERSION "0.99.69"
| #define PACKAGE_STRING "ascend 0.99.69"
| #define PACKAGE_BUGREPORT ""
| #define PACKAGE_URL ""
| /* end confdefs.h.  */
| #include <ac_nonexistent.h>
configure:2366: result: /usr/local/opt/llvm/bin/clang++ -fopenmp -E
configure:2386: /usr/local/opt/llvm/bin/clang++ -fopenmp -E -I/usr/local/opt/gcc/include:/usr/local/opt/llvm/include:/usr/local/opt/gettext/include:{ICU4C_INCLUDE} conftest.cpp
configure:2386: $? = 0
configure:2400: /usr/local/opt/llvm/bin/clang++ -fopenmp -E -I/usr/local/opt/gcc/include:/usr/local/opt/llvm/include:/usr/local/opt/gettext/include:{ICU4C_INCLUDE} conftest.cpp
conftest.cpp:9:10: fatal error: 'ac_nonexistent.h' file not found
#include <ac_nonexistent.h>
         ^~~~~~~~~~~~~~~~~~
1 error generated.
configure:2400: $? = 1
configure: failed program was:
| /* confdefs.h */
| #define PACKAGE_NAME "ascend"
| #define PACKAGE_TARNAME "ascend"
| #define PACKAGE_VERSION "0.99.69"
| #define PACKAGE_STRING "ascend 0.99.69"
| #define PACKAGE_BUGREPORT ""
| #define PACKAGE_URL ""
| /* end confdefs.h.  */
| #include <ac_nonexistent.h>
configure:2437: checking for macOS
configure:2441: result: found
configure:2443: WARNING: OpenMP unavailable and turned off.
configure:2623: creating ./config.status

## ---------------------- ##
## Running config.status. ##
## ---------------------- ##

This file was extended by ascend config.status 0.99.69, which was
generated by GNU Autoconf 2.69.  Invocation command line was

  CONFIG_FILES    = 
  CONFIG_HEADERS  = 
  CONFIG_LINKS    = 
  CONFIG_COMMANDS = 
  $ ./config.status 

on FVFYH1N0HV2F

config.status:722: creating src/Makevars

## ---------------- ##
## Cache variables. ##
## ---------------- ##

ac_cv_cxx_compiler_gnu=yes
ac_cv_env_CCC_set=
ac_cv_env_CCC_value=
ac_cv_env_CPPFLAGS_set=set
ac_cv_env_CPPFLAGS_value='-I/usr/local/opt/gcc/include:/usr/local/opt/llvm/include:/usr/local/opt/gettext/include:{ICU4C_INCLUDE}'
ac_cv_env_CXXCPP_set=
ac_cv_env_CXXCPP_value=
ac_cv_env_CXXFLAGS_set=
ac_cv_env_CXXFLAGS_value=
ac_cv_env_CXX_set=
ac_cv_env_CXX_value=
ac_cv_env_LDFLAGS_set=set
ac_cv_env_LDFLAGS_value=-L/usr/local/opt/gcc/lib:/usr/local/opt/llvm/lib:/usr/local/opt/gettext/lib:/usr/local/opt/icu4c/lib
ac_cv_env_LIBS_set=
ac_cv_env_LIBS_value=
ac_cv_env_build_alias_set=
ac_cv_env_build_alias_value=
ac_cv_env_host_alias_set=
ac_cv_env_host_alias_value=
ac_cv_env_target_alias_set=
ac_cv_env_target_alias_value=
ac_cv_objext=o
ac_cv_prog_CXXCPP='/usr/local/opt/llvm/bin/clang++ -fopenmp -E'
ac_cv_prog_cxx_g=yes

## ----------------- ##
## Output variables. ##
## ----------------- ##

CPPFLAGS='-I/usr/local/opt/gcc/include:/usr/local/opt/llvm/include:/usr/local/opt/gettext/include:{ICU4C_INCLUDE}'
CXX='/usr/local/opt/llvm/bin/clang++ -fopenmp'
CXXCPP='/usr/local/opt/llvm/bin/clang++ -fopenmp -E'
CXXFLAGS='-g -O3 -Wall -pedantic -std=c++11 -mtune=native -pipe'
DEFS='-DPACKAGE_NAME=\"ascend\" -DPACKAGE_TARNAME=\"ascend\" -DPACKAGE_VERSION=\"0.99.69\" -DPACKAGE_STRING=\"ascend\ 0.99.69\" -DPACKAGE_BUGREPORT=\"\" -DPACKAGE_URL=\"\"'
ECHO_C='\c'
ECHO_N=''
ECHO_T=''
EXEEXT=''
LDFLAGS='-L/usr/local/opt/gcc/lib:/usr/local/opt/llvm/lib:/usr/local/opt/gettext/lib:/usr/local/opt/icu4c/lib'
LIBOBJS=''
LIBS=''
LTLIBOBJS=''
OBJEXT='o'
OPENMP_CFLAG=''
OPENMP_FLAG='-DARMA_DONT_USE_OPENMP'
PACKAGE_BUGREPORT=''
PACKAGE_NAME='ascend'
PACKAGE_STRING='ascend 0.99.69'
PACKAGE_TARNAME='ascend'
PACKAGE_URL=''
PACKAGE_VERSION='0.99.69'
PATH_SEPARATOR=':'
SHELL='/bin/sh'
ac_ct_CXX=''
bindir='${exec_prefix}/bin'
build_alias=''
datadir='${datarootdir}'
datarootdir='${prefix}/share'
docdir='${datarootdir}/doc/${PACKAGE_TARNAME}'
dvidir='${docdir}'
exec_prefix='${prefix}'
host_alias=''
htmldir='${docdir}'
includedir='${prefix}/include'
infodir='${datarootdir}/info'
libdir='${exec_prefix}/lib'
libexecdir='${exec_prefix}/libexec'
localedir='${datarootdir}/locale'
localstatedir='${prefix}/var'
mandir='${datarootdir}/man'
oldincludedir='/usr/include'
pdfdir='${docdir}'
prefix='/usr/local'
program_transform_name='s,x,x,'
psdir='${docdir}'
sbindir='${exec_prefix}/sbin'
sharedstatedir='${prefix}/com'
sysconfdir='${prefix}/etc'
target_alias=''

## ----------- ##
## confdefs.h. ##
## ----------- ##

/* confdefs.h */
#define PACKAGE_NAME "ascend"
#define PACKAGE_TARNAME "ascend"
#define PACKAGE_VERSION "0.99.69"
#define PACKAGE_STRING "ascend 0.99.69"
#define PACKAGE_BUGREPORT ""
#define PACKAGE_URL ""

configure: exit 0
